#
# There is insufficient memory for the Java Runtime Environment to continue.
# Native memory allocation (malloc) failed to allocate 8192 bytes for AllocateHeap
# Possible reasons:
#   The system is out of physical RAM or swap space
#   In 32 bit mode, the process size limit was hit
# Possible solutions:
#   Reduce memory load on the system
#   Increase physical memory or swap space
#   Check if swap backing store is full
#   Use 64 bit Java on a 64 bit OS
#   Decrease Java heap size (-Xmx/-Xms)
#   Decrease number of Java threads
#   Decrease Java thread stack sizes (-Xss)
#   Set larger code cache with -XX:ReservedCodeCacheSize=
# This output file may be truncated or incomplete.
#
#  Out of Memory Error (memory/allocation.inline.hpp:62), pid=364, tid=8708
#
# JRE version:  (8.0_05-b13) (build )
# Java VM: Java HotSpot(TM) 64-Bit Server VM (25.5-b02 mixed mode windows-amd64 compressed oops)
# Failed to write core dump. Minidumps are not enabled by default on client versions of Windows
#

---------------  T H R E A D  ---------------

Current thread (0x0000000002198000):  JavaThread "main" [_thread_in_vm, id=8708, stack(0x0000000002540000,0x0000000002640000)]

Stack: [0x0000000002540000,0x0000000002640000]
Native frames: (J=compiled Java code, j=interpreted, Vv=VM code, C=native code)
V  [jvm.dll+0x308dea]

Java frames: (J=compiled Java code, j=interpreted, Vv=VM code)
j  java.lang.Class.getDeclaredFields0(Z)[Ljava/lang/reflect/Field;+0
j  java.lang.Class.access$100(Ljava/lang/Class;Z)[Ljava/lang/reflect/Field;+2
j  java.lang.Class$Atomic.<clinit>()V+9
v  ~StubRoutines::call_stub
j  java.lang.Class.newReflectionData(Ljava/lang/ref/SoftReference;I)Ljava/lang/Class$ReflectionData;+27
j  java.lang.Class.reflectionData()Ljava/lang/Class$ReflectionData;+45
j  java.lang.Class.privateGetDeclaredFields(Z)[Ljava/lang/reflect/Field;+4
j  java.lang.Class.getDeclaredField(Ljava/lang/String;)Ljava/lang/reflect/Field;+11
j  java.util.concurrent.atomic.AtomicReferenceFieldUpdater$AtomicReferenceFieldUpdaterImpl$1.run()Ljava/lang/reflect/Field;+8
j  java.util.concurrent.atomic.AtomicReferenceFieldUpdater$AtomicReferenceFieldUpdaterImpl$1.run()Ljava/lang/Object;+1
v  ~StubRoutines::call_stub
j  java.security.AccessController.doPrivileged(Ljava/security/PrivilegedExceptionAction;)Ljava/lang/Object;+0
j  java.util.concurrent.atomic.AtomicReferenceFieldUpdater$AtomicReferenceFieldUpdaterImpl.<init>(Ljava/lang/Class;Ljava/lang/Class;Ljava/lang/String;Ljava/lang/Class;)V+14
j  java.util.concurrent.atomic.AtomicReferenceFieldUpdater.newUpdater(Ljava/lang/Class;Ljava/lang/Class;Ljava/lang/String;)Ljava/util/concurrent/atomic/AtomicReferenceFieldUpdater;+10
j  java.io.BufferedInputStream.<clinit>()V+17
v  ~StubRoutines::call_stub
j  java.lang.System.initializeSystemClass()V+70
v  ~StubRoutines::call_stub

---------------  P R O C E S S  ---------------

Java Threads: ( => current thread )
  0x00000000552a4800 JavaThread "Finalizer" daemon [_thread_blocked, id=5844, stack(0x0000000056410000,0x0000000056510000)]
  0x0000000055299800 JavaThread "Reference Handler" daemon [_thread_blocked, id=1128, stack(0x0000000056270000,0x0000000056370000)]
=>0x0000000002198000 JavaThread "main" [_thread_in_vm, id=8708, stack(0x0000000002540000,0x0000000002640000)]

Other Threads:
  0x0000000055296000 VMThread [stack: 0x0000000056060000,0x0000000056160000] [id=5168]

VM state:not at safepoint (normal execution)

VM Mutex/Monitor currently owned by a thread:  ([mutex/lock_event])
[0x000000000008d480] SymbolTable_lock - owner thread: 0x0000000002198000

Heap:
 PSYoungGen      total 1024K, used 72K [0x00000000eab00000, 0x00000000eac80000, 0x0000000100000000)
  eden space 512K, 14% used [0x00000000eab00000,0x00000000eab12350,0x00000000eab80000)
  from space 512K, 0% used [0x00000000eac00000,0x00000000eac00000,0x00000000eac80000)
  to   space 512K, 0% used [0x00000000eab80000,0x00000000eab80000,0x00000000eac00000)
 ParOldGen       total 129536K, used 0K [0x00000000c0000000, 0x00000000c7e80000, 0x00000000eab00000)
  object space 129536K, 0% used [0x00000000c0000000,0x00000000c0000000,0x00000000c7e80000)
 Metaspace       used 1112K, capacity 4480K, committed 4480K, reserved 1056768K
  class space    used 125K, capacity 384K, committed 384K, reserved 1048576K

Card table byte_map: [0x0000000011cd0000,0x0000000011ee0000] byte_map_base: 0x00000000116d0000

Marking Bits: (ParMarkBitMap*) 0x000000005dd513b0
 Begin Bits: [0x0000000012710000, 0x0000000013710000)
 End Bits:   [0x0000000013710000, 0x0000000014710000)

Polling page: 0x0000000000440000

CodeCache: size=245760Kb used=403Kb max_used=403Kb free=245356Kb
 bounds [0x0000000002910000, 0x0000000002b80000, 0x0000000011910000]
 total_blobs=102 nmethods=0 adapters=77
 compilation: enabled

Compilation events (0 events):
No events

GC Heap History (0 events):
No events

Deoptimization events (0 events):
No events

Internal exceptions (2 events):
Event: 0.043 Thread 0x0000000002198000 Exception <a 'java/lang/NoSuchMethodError': Method sun.misc.Unsafe.defineClass(Ljava/lang/String;[BII)Ljava/lang/Class; name or signature does not match> (0x00000000eab0f550) thrown at [D:\re\workspace\8-2-build-windows-amd64-cygwin\jdk8u5\2488\hotspot\srcS¦~$Û¦?
Event: 0.043 Thread 0x0000000002198000 Exception <a 'java/lang/NoSuchMethodError': Method sun.misc.Unsafe.prefetchRead(Ljava/lang/Object;J)V name or signature does not match> (0x00000000eab0f7e0) thrown at [D:\re\workspace\8-2-build-windows-amd64-cygwin\jdk8u5\2488\hotspot\src\share\vm\prims\jn

Events (10 events):
Event: 0.046 loading class java/lang/Class$Atomic done
Event: 0.046 loading class sun/reflect/generics/repository/ClassRepository
Event: 0.046 loading class sun/reflect/generics/repository/GenericDeclRepository
Event: 0.046 loading class sun/reflect/generics/repository/AbstractRepository
Event: 0.046 loading class sun/reflect/generics/repository/AbstractRepository done
Event: 0.046 loading class sun/reflect/generics/repository/GenericDeclRepository done
Event: 0.046 loading class sun/reflect/generics/repository/ClassRepository done
Event: 0.046 loading class java/lang/Class$AnnotationData
Event: 0.046 loading class java/lang/Class$AnnotationData done
Event: 0.046 loading class sun/reflect/annotation/AnnotationType


Dynamic libraries:
0x000000013ff10000 - 0x000000013ff44000 	C:\Program Files\Java\jdk1.8.0_05\bin\java.exe
0x0000000077150000 - 0x00000000772fa000 	C:\windows\SYSTEM32\ntdll.dll
0x0000000077030000 - 0x000000007714f000 	C:\windows\system32\kernel32.dll
0x000007fefd1a0000 - 0x000007fefd20a000 	C:\windows\system32\KERNELBASE.dll
0x000007fefe4d0000 - 0x000007fefe5ab000 	C:\windows\system32\ADVAPI32.dll
0x000007fefe000000 - 0x000007fefe09f000 	C:\windows\system32\msvcrt.dll
0x000007fefe280000 - 0x000007fefe29f000 	C:\windows\SYSTEM32\sechost.dll
0x000007fefeb60000 - 0x000007fefec8d000 	C:\windows\system32\RPCRT4.dll
0x0000000076f30000 - 0x000000007702a000 	C:\windows\system32\USER32.dll
0x000007fefe410000 - 0x000007fefe477000 	C:\windows\system32\GDI32.dll
0x000007fefd240000 - 0x000007fefd24e000 	C:\windows\system32\LPK.dll
0x000007fefeea0000 - 0x000007fefef6a000 	C:\windows\system32\USP10.dll
0x000007fefb350000 - 0x000007fefb544000 	C:\windows\WinSxS\amd64_microsoft.windows.common-controls_6595b64144ccf1df_6.0.7601.18837_none_fa3b1e3d17594757\COMCTL32.dll
0x000007fefec90000 - 0x000007fefed01000 	C:\windows\system32\SHLWAPI.dll
0x000007fefe910000 - 0x000007fefe93e000 	C:\windows\system32\IMM32.DLL
0x000007fefe300000 - 0x000007fefe409000 	C:\windows\system32\MSCTF.dll
0x000000005ddd0000 - 0x000000005dea2000 	C:\Program Files\Java\jdk1.8.0_05\jre\bin\msvcr100.dll
0x000000005d5a0000 - 0x000000005ddca000 	C:\Program Files\Java\jdk1.8.0_05\jre\bin\server\jvm.dll
0x000007fefc0a0000 - 0x000007fefc0a9000 	C:\windows\system32\WSOCK32.dll
0x000007fefe480000 - 0x000007fefe4cd000 	C:\windows\system32\WS2_32.dll
0x000007fefe900000 - 0x000007fefe908000 	C:\windows\system32\NSI.dll
0x000007fefa780000 - 0x000007fefa7bb000 	C:\windows\system32\WINMM.dll
0x0000000077320000 - 0x0000000077327000 	C:\windows\system32\PSAPI.DLL
0x000000006dd30000 - 0x000000006dd3f000 	C:\Program Files\Java\jdk1.8.0_05\jre\bin\verify.dll
0x000000005e080000 - 0x000000005e0a8000 	C:\Program Files\Java\jdk1.8.0_05\jre\bin\java.dll
0x000000006ce60000 - 0x000000006ce76000 	C:\Program Files\Java\jdk1.8.0_05\jre\bin\zip.dll
0x000007fefd270000 - 0x000007fefdffa000 	C:\windows\system32\SHELL32.dll
0x000007feff250000 - 0x000007feff453000 	C:\windows\system32\ole32.dll
0x000007fefce80000 - 0x000007fefce8f000 	C:\windows\system32\profapi.dll

VM Arguments:
jvm_args: -Djava.awt.headless=true -Xmx1024M -Dfile.encoding=windows-1252 -Duser.country=DE -Duser.language=de -Duser.variant 
java_command: com.android.dx.command.Main --dex --force-jumbo --num-threads=4 --multi-dex --output C:\Daten\Android\DDWEKI\app\build\intermediates\transforms\dex\debug\folders\1000\5\slice_5 C:\Daten\Android\DDWEKI\app\build\intermediates\transforms\instantRunSlicer\debug\folders\1\5\slice_5
java_class_path (initial): E:\Android\SDK\build-tools\24.0.1\lib\dx.jar
Launcher Type: SUN_STANDARD

Environment Variables:
JAVA_HOME=C:\Program Files\Java\jdk1.8.0_05\
CLASSPATH=.;
PATH=C:\RailsInstaller\Ruby2.1.0\bin;C:\RailsInstaller\Ruby2.0.0\bin;C:\Program Files (x86)\Google\Chrome\Application;C:\MinGW\bin;C:\MinGW\libexec\gcc\x86_64-pc-mingw32\4.9.2;C:\ProgramData\Oracle\Java\javapath;C:\Program Files\Common Files\Microsoft Shared\Windows Live;C:\Program Files (x86)\Common Files\Microsoft Shared\Windows Live;C:\windows\system32;C:\windows;C:\windows\System32\Wbem;C:\windows\System32\WindowsPowerShell\v1.0\;C:\Program Files (x86)\Windows Live\Shared;C:\Program Files (x86)\Toshiba\Bluetooth Toshiba Stack\sys\;C:\Program Files (x86)\Toshiba\Bluetooth Toshiba Stack\sys\x64\;C:\Program Files (x86)\GNU\GnuPG\pub;C:\Program Files (x86)\Git\cmd;C:\Program Files\IVI Foundation\VISA\Win64\Bin\;C:\Program Files (x86)\IVI Foundation\VISA\WinNT\Bin\;C:\Program Files (x86)\IVI Foundation\VISA\WinNT\Bin;C:\Program Files\doxygen\bin;C:\Program Files\Java\jdk1.8.0_05\\bin;C:\Programmierung\maven\bin;C:\MinGW\bin;C:\MinGW\msys\1.0\bin;C:\Program Files (x86)\CMake;C:\Program Files\Amazon\AWSCLI\;C:\Program Files (x86)\Skype\Phone\;C:\Program Files (x86)\Tesseract-OCR;C:\Program Files\Anaconda3;C:\Program Files\Anaconda3\Scripts;C:\Program Files\Anaconda3\Library\bin;C:\Program Files (x86)\CMake\bin\;c:\Programmierung\AVR\bin\;E:\Programme\Boot2Docker for Windows
USERNAME=Reiko
OS=Windows_NT
PROCESSOR_IDENTIFIER=Intel64 Family 6 Model 42 Stepping 7, GenuineIntel



---------------  S Y S T E M  ---------------

OS: Windows 7 , 64 bit Build 7601 Service Pack 1

CPU:total 4 (2 cores per cpu, 2 threads per core) family 6 model 42 stepping 7, cmov, cx8, fxsr, mmx, sse, sse2, sse3, ssse3, sse4.1, sse4.2, popcnt, avx, aes, clmul, ht, tsc, tscinvbit

Memory: 4k page, physical 8265140k(681992k free), swap 12457584k(5060k free)

vm_info: Java HotSpot(TM) 64-Bit Server VM (25.5-b02) for windows-amd64 JRE (1.8.0_05-b13), built on Mar 18 2014 01:08:39 by "java_re" with MS VC++ 10.0 (VS2010)

time: Sun Dec 04 22:14:58 2016
elapsed time: 0 seconds

