#
# A fatal error has been detected by the Java Runtime Environment:
#
#  EXCEPTION_ACCESS_VIOLATION (0xc0000005) at pc=0x000000005d792357, pid=3480, tid=3312
#
# JRE version: Java(TM) SE Runtime Environment (8.0_05-b13) (build 1.8.0_05-b13)
# Java VM: Java HotSpot(TM) 64-Bit Server VM (25.5-b02 mixed mode windows-amd64 compressed oops)
# Problematic frame:
# V  [jvm.dll+0x1f2357]
#
# Failed to write core dump. Minidumps are not enabled by default on client versions of Windows
#
# If you would like to submit a bug report, please visit:
#   http://bugreport.sun.com/bugreport/crash.jsp
#

---------------  T H R E A D  ---------------

Current thread (0x0000000002338000):  JavaThread "main" [_thread_in_vm, id=3312, stack(0x0000000002470000,0x0000000002570000)]

siginfo: ExceptionCode=0xc0000005, writing address 0x0000000002562e50

Registers:
RAX=0x0000000002562e50, RBX=0x0000000000000007, RCX=0x0000000000006000, RDX=0x000000000000001e
RSP=0x0000000002568e50, RBP=0x0000000000000000, RSI=0x0000000002568e50, RDI=0x0000000000000007
R8 =0x000000000000001e, R9 =0x00000000022f2c80, R10=0x00000000549340b8, R11=0x000000000247a158
R12=0x00000000022f2c80, R13=0x0000000002338000, R14=0x0000000002568f18, R15=0x00000000549340b8
RIP=0x000000005d792357, EFLAGS=0x0000000000010206

Top of Stack: (sp=0x0000000002568e50)
0x0000000002568e50:   0000000002338000 0000000054d3af38
0x0000000002568e60:   0000000002338000 00000000022f2c80
0x0000000002568e70:   00000000ffffffff 000000005d793287
0x0000000002568e80:   0000000002568f80 00000000549340b8
0x0000000002568e90:   0000000002338000 0000000000000000
0x0000000002568ea0:   0000000000000000 0000000002338000
0x0000000002568eb0:   00000000567cefc0 000000005d7c3518
0x0000000002568ec0:   00000000549340b8 0000000002338000
0x0000000002568ed0:   0000000002850780 0000000002300080
0x0000000002568ee0:   00000000025690c0 0000000002300274
0x0000000002568ef0:   0000000002300560 000000005671afe0
0x0000000002568f00:   0000000014920f28 00000000549340b8
0x0000000002568f10:   0000000002338000 000000005671aff0
0x0000000002568f20:   00000000772603c8 0000000000000000
0x0000000002568f30:   0000000002569100 00000000022f0000
0x0000000002568f40:   0000000000000018 0000000000000018 

Instructions: (pc=0x000000005d792357)
0x000000005d792337:   48 89 6c 24 30 33 ed 66 90 e8 fb 4d 08 00 ff c3
0x000000005d792347:   48 63 c8 48 8b c6 48 0f af cf 48 ff c7 48 2b c1
0x000000005d792357:   89 28 48 63 c3 48 3b 05 9d 68 55 00 7e db 48 8b
0x000000005d792367:   6c 24 30 48 8b 5c 24 38 48 8b 74 24 40 48 83 c4 


Register to memory mapping:

RAX=0x0000000002562e50 is pointing into the stack for thread: 0x0000000002338000
RBX=0x0000000000000007 is an unknown value
RCX=0x0000000000006000 is an unknown value
RDX=0x000000000000001e is an unknown value
RSP=0x0000000002568e50 is pointing into the stack for thread: 0x0000000002338000
RBP=0x0000000000000000 is an unknown value
RSI=0x0000000002568e50 is pointing into the stack for thread: 0x0000000002338000
RDI=0x0000000000000007 is an unknown value
R8 =0x000000000000001e is an unknown value
R9 =0x00000000022f2c80 is an unknown value
R10=0x00000000549340b8 is an unknown value
R11=0x000000000247a158 is pointing into the stack for thread: 0x0000000002338000
R12=0x00000000022f2c80 is an unknown value
R13=0x0000000002338000 is a thread
R14=0x0000000002568f18 is pointing into the stack for thread: 0x0000000002338000
R15=0x00000000549340b8 is an unknown value


Stack: [0x0000000002470000,0x0000000002570000],  sp=0x0000000002568e50,  free space=995k
Native frames: (J=compiled Java code, j=interpreted, Vv=VM code, C=native code)

Java frames: (J=compiled Java code, j=interpreted, Vv=VM code)
j  java.lang.ClassLoader.defineClass1(Ljava/lang/String;[BIILjava/security/ProtectionDomain;Ljava/lang/String;)Ljava/lang/Class;+0
j  java.lang.ClassLoader.defineClass(Ljava/lang/String;[BIILjava/security/ProtectionDomain;)Ljava/lang/Class;+27
j  java.security.SecureClassLoader.defineClass(Ljava/lang/String;[BIILjava/security/CodeSource;)Ljava/lang/Class;+12
j  java.net.URLClassLoader.defineClass(Ljava/lang/String;Lsun/misc/Resource;)Ljava/lang/Class;+220
j  java.net.URLClassLoader.access$100(Ljava/net/URLClassLoader;Ljava/lang/String;Lsun/misc/Resource;)Ljava/lang/Class;+3
j  java.net.URLClassLoader$1.run()Ljava/lang/Class;+43
j  java.net.URLClassLoader$1.run()Ljava/lang/Object;+1
v  ~StubRoutines::call_stub
j  java.security.AccessController.doPrivileged(Ljava/security/PrivilegedExceptionAction;Ljava/security/AccessControlContext;)Ljava/lang/Object;+0
j  java.net.URLClassLoader.findClass(Ljava/lang/String;)Ljava/lang/Class;+13
j  java.lang.ClassLoader.loadClass(Ljava/lang/String;Z)Ljava/lang/Class;+70
j  sun.misc.Launcher$AppClassLoader.loadClass(Ljava/lang/String;Z)Ljava/lang/Class;+36
j  java.lang.ClassLoader.loadClass(Ljava/lang/String;)Ljava/lang/Class;+3
v  ~StubRoutines::call_stub
j  java.lang.ClassLoader.defineClass1(Ljava/lang/String;[BIILjava/security/ProtectionDomain;Ljava/lang/String;)Ljava/lang/Class;+0
j  java.lang.ClassLoader.defineClass(Ljava/lang/String;[BIILjava/security/ProtectionDomain;)Ljava/lang/Class;+27
j  java.security.SecureClassLoader.defineClass(Ljava/lang/String;[BIILjava/security/CodeSource;)Ljava/lang/Class;+12
j  java.net.URLClassLoader.defineClass(Ljava/lang/String;Lsun/misc/Resource;)Ljava/lang/Class;+220
j  java.net.URLClassLoader.access$100(Ljava/net/URLClassLoader;Ljava/lang/String;Lsun/misc/Resource;)Ljava/lang/Class;+3
j  java.net.URLClassLoader$1.run()Ljava/lang/Class;+43
j  java.net.URLClassLoader$1.run()Ljava/lang/Object;+1
v  ~StubRoutines::call_stub
j  java.security.AccessController.doPrivileged(Ljava/security/PrivilegedExceptionAction;Ljava/security/AccessControlContext;)Ljava/lang/Object;+0
j  java.net.URLClassLoader.findClass(Ljava/lang/String;)Ljava/lang/Class;+13
j  java.lang.ClassLoader.loadClass(Ljava/lang/String;Z)Ljava/lang/Class;+70
j  sun.misc.Launcher$AppClassLoader.loadClass(Ljava/lang/String;Z)Ljava/lang/Class;+36
j  java.lang.ClassLoader.loadClass(Ljava/lang/String;)Ljava/lang/Class;+3
v  ~StubRoutines::call_stub
j  com.android.dx.command.dexer.Main.createDexFile()V+0
j  com.android.dx.command.dexer.Main.processAllFiles()Z+0
j  com.android.dx.command.dexer.Main.runMultiDex()I+66
j  com.android.dx.command.dexer.Main.run(Lcom/android/dx/command/dexer/Main$Arguments;)I+66
j  com.android.dx.command.dexer.Main.main([Ljava/lang/String;)V+14
j  com.android.dx.command.Main.main([Ljava/lang/String;)V+61
v  ~StubRoutines::call_stub

---------------  P R O C E S S  ---------------

Java Threads: ( => current thread )
  0x00000000566b7000 JavaThread "Service Thread" daemon [_thread_blocked, id=6088, stack(0x00000000572d0000,0x00000000573d0000)]
  0x00000000566b5800 JavaThread "C1 CompilerThread2" daemon [_thread_blocked, id=7780, stack(0x0000000056c40000,0x0000000056d40000)]
  0x00000000566b4800 JavaThread "C2 CompilerThread1" daemon [_thread_blocked, id=8972, stack(0x0000000057000000,0x0000000057100000)]
  0x0000000055316000 JavaThread "C2 CompilerThread0" daemon [_thread_blocked, id=1908, stack(0x0000000056e30000,0x0000000056f30000)]
  0x0000000055314800 JavaThread "Attach Listener" daemon [_thread_blocked, id=2580, stack(0x0000000056b40000,0x0000000056c40000)]
  0x0000000055311000 JavaThread "Signal Dispatcher" daemon [_thread_blocked, id=7176, stack(0x0000000056110000,0x0000000056210000)]
  0x00000000552ae000 JavaThread "Finalizer" daemon [_thread_blocked, id=5528, stack(0x00000000565b0000,0x00000000566b0000)]
  0x00000000552a9000 JavaThread "Reference Handler" daemon [_thread_blocked, id=9104, stack(0x0000000056430000,0x0000000056530000)]
=>0x0000000002338000 JavaThread "main" [_thread_in_vm, id=3312, stack(0x0000000002470000,0x0000000002570000)]

Other Threads:
  0x00000000552a5800 VMThread [stack: 0x00000000562b0000,0x00000000563b0000] [id=8312]
  0x0000000055317000 WatcherThread [stack: 0x00000000573e0000,0x00000000574e0000] [id=9036]

VM state:not at safepoint (normal execution)

VM Mutex/Monitor currently owned by a thread: None

Heap:
 PSYoungGen      total 1536K, used 638K [0x00000000eab00000, 0x00000000ead00000, 0x0000000100000000)
  eden space 1024K, 15% used [0x00000000eab00000,0x00000000eab27b10,0x00000000eac00000)
  from space 512K, 93% used [0x00000000eac80000,0x00000000eacf8020,0x00000000ead00000)
  to   space 512K, 0% used [0x00000000eac00000,0x00000000eac00000,0x00000000eac80000)
 ParOldGen       total 129536K, used 139K [0x00000000c0000000, 0x00000000c7e80000, 0x00000000eab00000)
  object space 129536K, 0% used [0x00000000c0000000,0x00000000c0022ce8,0x00000000c7e80000)
 Metaspace       used 3091K, capacity 4656K, committed 4864K, reserved 1056768K
  class space    used 338K, capacity 424K, committed 512K, reserved 1048576K

Card table byte_map: [0x0000000011c00000,0x0000000011e10000] byte_map_base: 0x0000000011600000

Marking Bits: (ParMarkBitMap*) 0x000000005dd513b0
 Begin Bits: [0x0000000012720000, 0x0000000013720000)
 End Bits:   [0x0000000013720000, 0x0000000014720000)

Polling page: 0x0000000000130000

CodeCache: size=245760Kb used=1201Kb max_used=1201Kb free=244559Kb
 bounds [0x0000000002840000, 0x0000000002ab0000, 0x0000000011840000]
 total_blobs=310 nmethods=68 adapters=156
 compilation: enabled

Compilation events (10 events):
Event: 0.379 Thread 0x00000000566b5800   63  s!   3       sun.misc.URLClassPath::getLoader (154 bytes)
Event: 0.382 Thread 0x00000000566b5800 nmethod 63 0x00000000029661d0 code [0x00000000029665c0, 0x0000000002968cf8]
Event: 0.382 Thread 0x00000000566b5800   61       3       java.lang.AbstractStringBuilder::expandCapacity (50 bytes)
Event: 0.382 Thread 0x00000000566b5800 nmethod 61 0x000000000296a650 code [0x000000000296a7e0, 0x000000000296acf8]
Event: 0.382 Thread 0x00000000566b5800   66       1       sun.util.calendar.CalendarDate::isNormalized (5 bytes)
Event: 0.383 Thread 0x00000000566b5800 nmethod 66 0x000000000296aed0 code [0x000000000296b020, 0x000000000296b130]
Event: 0.383 Thread 0x00000000566b5800   65       1       java.net.URL::getPath (5 bytes)
Event: 0.383 Thread 0x00000000566b5800 nmethod 65 0x000000000296b190 code [0x000000000296b2e0, 0x000000000296b3f0]
Event: 0.383 Thread 0x00000000566b5800   64       1       java.net.URL::getAuthority (5 bytes)
Event: 0.383 Thread 0x00000000566b5800 nmethod 64 0x000000000296b450 code [0x000000000296b5a0, 0x000000000296b6b0]

GC Heap History (4 events):
Event: 0.280 GC heap before
{Heap before GC invocations=1 (full 0):
 PSYoungGen      total 1024K, used 512K [0x00000000eab00000, 0x00000000eac80000, 0x0000000100000000)
  eden space 512K, 100% used [0x00000000eab00000,0x00000000eab80000,0x00000000eab80000)
  from space 512K, 0% used [0x00000000eac00000,0x00000000eac00000,0x00000000eac80000)
  to   space 512K, 0% used [0x00000000eab80000,0x00000000eab80000,0x00000000eac00000)
 ParOldGen       total 129536K, used 0K [0x00000000c0000000, 0x00000000c7e80000, 0x00000000eab00000)
  object space 129536K, 0% used [0x00000000c0000000,0x00000000c0000000,0x00000000c7e80000)
 Metaspace       used 2522K, capacity 4480K, committed 4480K, reserved 1056768K
  class space    used 273K, capacity 384K, committed 384K, reserved 1048576K
Event: 0.329 GC heap after
Heap after GC invocations=1 (full 0):
 PSYoungGen      total 1024K, used 432K [0x00000000eab00000, 0x00000000ead00000, 0x0000000100000000)
  eden space 512K, 0% used [0x00000000eab00000,0x00000000eab00000,0x00000000eab80000)
  from space 512K, 84% used [0x00000000eab80000,0x00000000eabec010,0x00000000eac00000)
  to   space 512K, 0% used [0x00000000eac80000,0x00000000eac80000,0x00000000ead00000)
 ParOldGen       total 129536K, used 0K [0x00000000c0000000, 0x00000000c7e80000, 0x00000000eab00000)
  object space 129536K, 0% used [0x00000000c0000000,0x00000000c0000000,0x00000000c7e80000)
 Metaspace       used 2522K, capacity 4480K, committed 4480K, reserved 1056768K
  class space    used 273K, capacity 384K, committed 384K, reserved 1048576K
}
Event: 0.367 GC heap before
{Heap before GC invocations=2 (full 0):
 PSYoungGen      total 1024K, used 942K [0x00000000eab00000, 0x00000000ead00000, 0x0000000100000000)
  eden space 512K, 99% used [0x00000000eab00000,0x00000000eab7f818,0x00000000eab80000)
  from space 512K, 84% used [0x00000000eab80000,0x00000000eabec010,0x00000000eac00000)
  to   space 512K, 0% used [0x00000000eac80000,0x00000000eac80000,0x00000000ead00000)
 ParOldGen       total 129536K, used 0K [0x00000000c0000000, 0x00000000c7e80000, 0x00000000eab00000)
  object space 129536K, 0% used [0x00000000c0000000,0x00000000c0000000,0x00000000c7e80000)
 Metaspace       used 2923K, capacity 4656K, committed 4864K, reserved 1056768K
  class space    used 319K, capacity 424K, committed 512K, reserved 1048576K
Event: 0.371 GC heap after
Heap after GC invocations=2 (full 0):
 PSYoungGen      total 1536K, used 480K [0x00000000eab00000, 0x00000000ead00000, 0x0000000100000000)
  eden space 1024K, 0% used [0x00000000eab00000,0x00000000eab00000,0x00000000eac00000)
  from space 512K, 93% used [0x00000000eac80000,0x00000000eacf8020,0x00000000ead00000)
  to   space 512K, 0% used [0x00000000eac00000,0x00000000eac00000,0x00000000eac80000)
 ParOldGen       total 129536K, used 139K [0x00000000c0000000, 0x00000000c7e80000, 0x00000000eab00000)
  object space 129536K, 0% used [0x00000000c0000000,0x00000000c0022ce8,0x00000000c7e80000)
 Metaspace       used 2923K, capacity 4656K, committed 4864K, reserved 1056768K
  class space    used 319K, capacity 424K, committed 512K, reserved 1048576K
}

Deoptimization events (0 events):
No events

Internal exceptions (10 events):
Event: 0.364 Thread 0x0000000002338000 Exception <a 'java/security/PrivilegedActionException'> (0x00000000eab730d0) thrown at [D:\re\workspace\8-2-build-windows-amd64-cygwin\jdk8u5\2488\hotspot\src\share\vm\prims\jvm.cpp, line 1248]
Event: 0.365 Thread 0x0000000002338000 Exception <a 'java/security/PrivilegedActionException'> (0x00000000eab77a68) thrown at [D:\re\workspace\8-2-build-windows-amd64-cygwin\jdk8u5\2488\hotspot\src\share\vm\prims\jvm.cpp, line 1248]
Event: 0.366 Thread 0x0000000002338000 Exception <a 'java/security/PrivilegedActionException'> (0x00000000eab79be8) thrown at [D:\re\workspace\8-2-build-windows-amd64-cygwin\jdk8u5\2488\hotspot\src\share\vm\prims\jvm.cpp, line 1248]
Event: 0.367 Thread 0x0000000002338000 Exception <a 'java/security/PrivilegedActionException'> (0x00000000eab7baf0) thrown at [D:\re\workspace\8-2-build-windows-amd64-cygwin\jdk8u5\2488\hotspot\src\share\vm\prims\jvm.cpp, line 1248]
Event: 0.371 Thread 0x0000000002338000 Exception <a 'java/security/PrivilegedActionException'> (0x00000000eab044d0) thrown at [D:\re\workspace\8-2-build-windows-amd64-cygwin\jdk8u5\2488\hotspot\src\share\vm\prims\jvm.cpp, line 1248]
Event: 0.377 Thread 0x0000000002338000 Exception <a 'java/security/PrivilegedActionException'> (0x00000000eab08910) thrown at [D:\re\workspace\8-2-build-windows-amd64-cygwin\jdk8u5\2488\hotspot\src\share\vm\prims\jvm.cpp, line 1248]
Event: 0.378 Thread 0x0000000002338000 Exception <a 'java/security/PrivilegedActionException'> (0x00000000eab0b470) thrown at [D:\re\workspace\8-2-build-windows-amd64-cygwin\jdk8u5\2488\hotspot\src\share\vm\prims\jvm.cpp, line 1248]
Event: 0.379 Thread 0x0000000002338000 Exception <a 'java/security/PrivilegedActionException'> (0x00000000eab17140) thrown at [D:\re\workspace\8-2-build-windows-amd64-cygwin\jdk8u5\2488\hotspot\src\share\vm\prims\jvm.cpp, line 1248]
Event: 0.387 Thread 0x0000000002338000 Exception <a 'java/security/PrivilegedActionException'> (0x00000000eab1fca0) thrown at [D:\re\workspace\8-2-build-windows-amd64-cygwin\jdk8u5\2488\hotspot\src\share\vm\prims\jvm.cpp, line 1248]
Event: 0.388 Thread 0x0000000002338000 Exception <a 'java/security/PrivilegedActionException'> (0x00000000eab22408) thrown at [D:\re\workspace\8-2-build-windows-amd64-cygwin\jdk8u5\2488\hotspot\src\share\vm\prims\jvm.cpp, line 1248]

Events (10 events):
Event: 0.377 loading class com/android/dx/dex/file/DexFile
Event: 0.377 loading class com/android/dx/dex/file/DexFile done
Event: 0.378 loading class com/android/dx/dex/file/Section
Event: 0.378 loading class com/android/dx/dex/file/Section done
Event: 0.379 loading class com/android/dx/dex/file/MixedItemSection
Event: 0.379 loading class com/android/dx/dex/file/MixedItemSection done
Event: 0.387 loading class com/android/dx/rop/cst/Constant
Event: 0.387 loading class com/android/dx/rop/cst/Constant done
Event: 0.388 loading class com/android/dx/util/ToHuman
Event: 0.388 loading class com/android/dx/util/ToHuman done


Dynamic libraries:
0x000000013ff10000 - 0x000000013ff44000 	C:\Program Files\Java\jdk1.8.0_05\bin\java.exe
0x0000000077150000 - 0x00000000772fa000 	C:\windows\SYSTEM32\ntdll.dll
0x0000000077030000 - 0x000000007714f000 	C:\windows\system32\kernel32.dll
0x000007fefd1a0000 - 0x000007fefd20a000 	C:\windows\system32\KERNELBASE.dll
0x000007fefe4d0000 - 0x000007fefe5ab000 	C:\windows\system32\ADVAPI32.dll
0x000007fefe000000 - 0x000007fefe09f000 	C:\windows\system32\msvcrt.dll
0x000007fefe280000 - 0x000007fefe29f000 	C:\windows\SYSTEM32\sechost.dll
0x000007fefeb60000 - 0x000007fefec8d000 	C:\windows\system32\RPCRT4.dll
0x0000000076f30000 - 0x000000007702a000 	C:\windows\system32\USER32.dll
0x000007fefe410000 - 0x000007fefe477000 	C:\windows\system32\GDI32.dll
0x000007fefd240000 - 0x000007fefd24e000 	C:\windows\system32\LPK.dll
0x000007fefeea0000 - 0x000007fefef6a000 	C:\windows\system32\USP10.dll
0x000007fefb350000 - 0x000007fefb544000 	C:\windows\WinSxS\amd64_microsoft.windows.common-controls_6595b64144ccf1df_6.0.7601.18837_none_fa3b1e3d17594757\COMCTL32.dll
0x000007fefec90000 - 0x000007fefed01000 	C:\windows\system32\SHLWAPI.dll
0x000007fefe910000 - 0x000007fefe93e000 	C:\windows\system32\IMM32.DLL
0x000007fefe300000 - 0x000007fefe409000 	C:\windows\system32\MSCTF.dll
0x000000005ddd0000 - 0x000000005dea2000 	C:\Program Files\Java\jdk1.8.0_05\jre\bin\msvcr100.dll
0x000000005d5a0000 - 0x000000005ddca000 	C:\Program Files\Java\jdk1.8.0_05\jre\bin\server\jvm.dll
0x000007fefc0a0000 - 0x000007fefc0a9000 	C:\windows\system32\WSOCK32.dll
0x000007fefe480000 - 0x000007fefe4cd000 	C:\windows\system32\WS2_32.dll
0x000007fefe900000 - 0x000007fefe908000 	C:\windows\system32\NSI.dll
0x000007fefa780000 - 0x000007fefa7bb000 	C:\windows\system32\WINMM.dll
0x0000000077320000 - 0x0000000077327000 	C:\windows\system32\PSAPI.DLL
0x000000006dd30000 - 0x000000006dd3f000 	C:\Program Files\Java\jdk1.8.0_05\jre\bin\verify.dll
0x000000005e080000 - 0x000000005e0a8000 	C:\Program Files\Java\jdk1.8.0_05\jre\bin\java.dll
0x000000006ce60000 - 0x000000006ce76000 	C:\Program Files\Java\jdk1.8.0_05\jre\bin\zip.dll
0x000007fefd270000 - 0x000007fefdffa000 	C:\windows\system32\SHELL32.dll
0x000007feff250000 - 0x000007feff453000 	C:\windows\system32\ole32.dll
0x000007fefce80000 - 0x000007fefce8f000 	C:\windows\system32\profapi.dll
0x000007feeb5f0000 - 0x000007feeb715000 	C:\windows\system32\dbghelp.dll

VM Arguments:
jvm_args: -Djava.awt.headless=true -Xmx1024M -Dfile.encoding=windows-1252 -Duser.country=DE -Duser.language=de -Duser.variant 
java_command: com.android.dx.command.Main --dex --force-jumbo --num-threads=4 --multi-dex --output C:\Daten\Android\DDWEKI\app\build\intermediates\transforms\dex\debug\folders\1000\5\slice_1 C:\Daten\Android\DDWEKI\app\build\intermediates\transforms\instantRunSlicer\debug\folders\1\5\slice_1
java_class_path (initial): E:\Android\SDK\build-tools\24.0.1\lib\dx.jar
Launcher Type: SUN_STANDARD

Environment Variables:
JAVA_HOME=C:\Program Files\Java\jdk1.8.0_05\
CLASSPATH=.;
PATH=C:\RailsInstaller\Ruby2.1.0\bin;C:\RailsInstaller\Ruby2.0.0\bin;C:\Program Files (x86)\Google\Chrome\Application;C:\MinGW\bin;C:\MinGW\libexec\gcc\x86_64-pc-mingw32\4.9.2;C:\ProgramData\Oracle\Java\javapath;C:\Program Files\Common Files\Microsoft Shared\Windows Live;C:\Program Files (x86)\Common Files\Microsoft Shared\Windows Live;C:\windows\system32;C:\windows;C:\windows\System32\Wbem;C:\windows\System32\WindowsPowerShell\v1.0\;C:\Program Files (x86)\Windows Live\Shared;C:\Program Files (x86)\Toshiba\Bluetooth Toshiba Stack\sys\;C:\Program Files (x86)\Toshiba\Bluetooth Toshiba Stack\sys\x64\;C:\Program Files (x86)\GNU\GnuPG\pub;C:\Program Files (x86)\Git\cmd;C:\Program Files\IVI Foundation\VISA\Win64\Bin\;C:\Program Files (x86)\IVI Foundation\VISA\WinNT\Bin\;C:\Program Files (x86)\IVI Foundation\VISA\WinNT\Bin;C:\Program Files\doxygen\bin;C:\Program Files\Java\jdk1.8.0_05\\bin;C:\Programmierung\maven\bin;C:\MinGW\bin;C:\MinGW\msys\1.0\bin;C:\Program Files (x86)\CMake;C:\Program Files\Amazon\AWSCLI\;C:\Program Files (x86)\Skype\Phone\;C:\Program Files (x86)\Tesseract-OCR;C:\Program Files\Anaconda3;C:\Program Files\Anaconda3\Scripts;C:\Program Files\Anaconda3\Library\bin;C:\Program Files (x86)\CMake\bin\;c:\Programmierung\AVR\bin\;E:\Programme\Boot2Docker for Windows
USERNAME=Reiko
OS=Windows_NT
PROCESSOR_IDENTIFIER=Intel64 Family 6 Model 42 Stepping 7, GenuineIntel



---------------  S Y S T E M  ---------------

OS: Windows 7 , 64 bit Build 7601 Service Pack 1

CPU:total 4 (2 cores per cpu, 2 threads per core) family 6 model 42 stepping 7, cmov, cx8, fxsr, mmx, sse, sse2, sse3, ssse3, sse4.1, sse4.2, popcnt, avx, aes, clmul, ht, tsc, tscinvbit

Memory: 4k page, physical 8265140k(682444k free), swap 12457584k(179848k free)

vm_info: Java HotSpot(TM) 64-Bit Server VM (25.5-b02) for windows-amd64 JRE (1.8.0_05-b13), built on Mar 18 2014 01:08:39 by "java_re" with MS VC++ 10.0 (VS2010)

time: Sun Dec 04 22:14:58 2016
elapsed time: 0 seconds

